16:04:56 INFO  : Processing command line option -hwspec /home/misi/xildemo/project_1/project_1.sdk/design_1_wrapper.hdf.
16:05:11 INFO  : Launching XSDB server: xsdb -s /media/320/XILINX144/SDK/2014.4/scripts/xsdb/xsdb/xsdb-server.tcl 2450
16:09:37 INFO  : Invoking Bootgen: bootgen -image fsbl.bif -o /home/misi/xildemo/sd_image/BOOT.bin
16:09:37 INFO  : Creating new bif file /home/misi/xildemo/project_1/project_1.sdk/fsbl/bootimage/fsbl.bif
16:09:38 INFO  : Bootgen command execution is done.
16:16:04 INFO  : Refreshed build settings on project fsbl
16:16:47 INFO  : Invoking Bootgen: bootgen -image fsbl.bif -o /home/misi/xildemo/sd_image/BOOT.bin -w on
16:16:48 INFO  : Bootgen command execution is done.
16:55:28 INFO  : Processing command line option -hwspec /home/misi/xildemo/project_1/project_1.sdk/design_1_wrapper.hdf.
16:55:31 INFO  : Launching XSDB server: xsdb -s /media/320/XILINX144/SDK/2014.4/scripts/xsdb/xsdb/xsdb-server.tcl 2450
16:55:32 INFO  : Checking for hwspec changes in the project design_1_wrapper_hw_platform_0.
16:55:32 INFO  : SDK has detected change in the last modified timestamps for source hardware specification file Source:1434293504000,  Project:1434290526000
16:55:32 INFO  : The hardware specification for project 'design_1_wrapper_hw_platform_0' is different from /home/misi/xildemo/project_1/project_1.sdk/design_1_wrapper.hdf.
16:55:32 INFO  : Copied contents of /home/misi/xildemo/project_1/project_1.sdk/design_1_wrapper.hdf into /design_1_wrapper_hw_platform_0/system.hdf.
16:55:34 INFO  : Synchronizing projects in the workspace with the hardware platform specification changes.
16:55:49 INFO  : 
16:55:53 INFO  : Updating hardware inferred compiler options for fsbl.
16:55:53 INFO  : Clearing existing target manager status.
16:55:59 INFO  : Closing and re-opening the MSS file of ther project fsbl_bsp
16:56:01 INFO  : Workspace synchronized with the new hardware specification file. Cleaning dependent projects...
17:01:50 INFO  : Invoking Bootgen: bootgen -image fsbl.bif -o /home/misi/xildemo/sd_image/BOOT.bin -w on
17:01:51 INFO  : Bootgen command execution is done.
17:25:56 INFO  : Saving repository preferences.
17:25:56 INFO  : Reading in cores from local repositories: 
		 /home/misi/xildemo/device-tree-xlnx
17:25:56 INFO  : Cleaning BSP projects in the workspace.
17:26:13 INFO  : 'device_tree' is a board support package for an OS for which applications cannot be developed within SDK.
17:26:13 INFO  : You can configure and build project 'device_tree_bsp_0' within SDK at will, but have to export it into the appropriate third party environment to develop applications.
17:26:21 WARN  :  ps7_ethernet_0: No reset found
 ps7_i2c_0: No reset found
 ps7_usb_0: No reset found
17:26:21 INFO  : BSP Project P/device_tree_bsp_0 has been successfully migrated.
17:26:44 WARN  :  ps7_ethernet_0: No reset found
 ps7_i2c_0: No reset found
 ps7_usb_0: No reset found
18:46:22 ERROR : Unexpected error while parsing XMD response ￿: com.google.gson.JsonSyntaxException: com.google.gson.stream.MalformedJsonException: invalid number or unquoted string near 
19:44:10 INFO  : Processing command line option -hwspec /home/misi/xildemo/project_1/project_1.sdk/design_1_wrapper.hdf.
19:44:12 INFO  : Launching XSDB server: xsdb -s /media/320/XILINX144/SDK/2014.4/scripts/xsdb/xsdb/xsdb-server.tcl 2450
19:44:13 INFO  : Checking for hwspec changes in the project design_1_wrapper_hw_platform_0.
19:44:14 INFO  : SDK has detected change in the last modified timestamps for source hardware specification file Source:1434303622000,  Project:1434293504000
19:44:14 INFO  : The hardware specification for project 'design_1_wrapper_hw_platform_0' is different from /home/misi/xildemo/project_1/project_1.sdk/design_1_wrapper.hdf.
19:44:15 INFO  : Copied contents of /home/misi/xildemo/project_1/project_1.sdk/design_1_wrapper.hdf into /design_1_wrapper_hw_platform_0/system.hdf.
19:44:15 INFO  : Restoring local repository preferences: 
		 /home/misi/xildemo/device-tree-xlnx
19:44:17 INFO  : Synchronizing projects in the workspace with the hardware platform specification changes.
19:44:33 INFO  : 
19:44:34 INFO  : 
19:44:42 WARN  :  ps7_ethernet_0: No reset found
 ps7_i2c_0: No reset found
 ps7_usb_0: No reset found
19:44:42 INFO  : BSP Project P/device_tree_bsp_0 has been successfully migrated.
19:44:43 INFO  : Updating hardware inferred compiler options for fsbl.
19:44:44 INFO  : Clearing existing target manager status.
19:46:13 WARN  :  ps7_ethernet_0: No reset found
 ps7_i2c_0: No reset found
 ps7_usb_0: No reset found
19:53:33 INFO  : Invoking Bootgen: bootgen -image fsbl.bif -o /home/misi/xildemo/sd_image/BOOT.bin -w on
19:53:33 INFO  : Bootgen command execution is done.
21:45:27 ERROR : Unexpected error while parsing XMD response ￿: com.google.gson.JsonSyntaxException: com.google.gson.stream.MalformedJsonException: invalid number or unquoted string near 
21:48:21 INFO  : Processing command line option -hwspec /home/misi/xildemo/project_1/project_1.sdk/design_1_wrapper.hdf.
21:48:23 INFO  : Launching XSDB server: xsdb -s /media/320/XILINX144/SDK/2014.4/scripts/xsdb/xsdb/xsdb-server.tcl 2450
21:48:24 INFO  : Checking for hwspec changes in the project design_1_wrapper_hw_platform_0.
21:48:25 INFO  : SDK has detected change in the last modified timestamps for source hardware specification file Source:1434311091000,  Project:1434303622000
21:48:25 INFO  : The hardware specification for project 'design_1_wrapper_hw_platform_0' is different from /home/misi/xildemo/project_1/project_1.sdk/design_1_wrapper.hdf.
21:48:26 INFO  : Copied contents of /home/misi/xildemo/project_1/project_1.sdk/design_1_wrapper.hdf into /design_1_wrapper_hw_platform_0/system.hdf.
21:48:26 INFO  : Restoring local repository preferences: 
		 /home/misi/xildemo/device-tree-xlnx
21:48:28 INFO  : Synchronizing projects in the workspace with the hardware platform specification changes.
21:48:50 WARN  :  ps7_ethernet_0: No reset found
 ps7_i2c_0: No reset found
 ps7_usb_0: No reset found
21:48:50 INFO  : BSP Project P/device_tree_bsp_0 has been successfully migrated.
21:48:51 INFO  : 
21:48:52 INFO  : 
21:48:55 INFO  : Updating hardware inferred compiler options for fsbl.
21:48:55 INFO  : Clearing existing target manager status.
21:50:22 INFO  : Invoking Bootgen: bootgen -image fsbl.bif -o /home/misi/xildemo/sd_image/BOOT.bin -w on
21:50:23 INFO  : Bootgen command execution is done.
22:33:25 ERROR : Unexpected error while parsing XMD response ￿: com.google.gson.JsonSyntaxException: com.google.gson.stream.MalformedJsonException: invalid number or unquoted string near 
19:43:19 INFO  : Processing command line option -hwspec /home/misi/xildemo/project_1/project_1.sdk/design_1_wrapper.hdf.
19:43:22 INFO  : Launching XSDB server: xsdb -s /home/misi/320/XILINX144/SDK/2014.4/scripts/xsdb/xsdb/xsdb-server.tcl 2450
19:43:24 INFO  : Checking for hwspec changes in the project design_1_wrapper_hw_platform_0.
19:43:25 INFO  : SDK has detected change in the last modified timestamps for source hardware specification file Source:1434476255000,  Project:1434311091000
19:43:25 INFO  : The hardware specification for project 'design_1_wrapper_hw_platform_0' is different from /home/misi/xildemo/project_1/project_1.sdk/design_1_wrapper.hdf.
19:43:25 INFO  : Copied contents of /home/misi/xildemo/project_1/project_1.sdk/design_1_wrapper.hdf into /design_1_wrapper_hw_platform_0/system.hdf.
19:43:26 INFO  : Restoring local repository preferences: 
		 /home/misi/xildemo/device-tree-xlnx
19:43:28 INFO  : Synchronizing projects in the workspace with the hardware platform specification changes.
19:43:50 WARN  :  ps7_ethernet_0: No reset found
 ps7_i2c_0: No reset found
 ps7_usb_0: No reset found
19:43:50 INFO  : BSP Project P/device_tree_bsp_0 has been successfully migrated.
19:43:51 INFO  : 
19:43:52 INFO  : 
19:43:56 INFO  : Updating hardware inferred compiler options for fsbl.
19:43:56 INFO  : Clearing existing target manager status.
19:45:31 WARN  :  ps7_ethernet_0: No reset found
 ps7_i2c_0: No reset found
 ps7_usb_0: No reset found
19:52:29 INFO  : Invoking Bootgen: bootgen -image fsbl.bif -o /home/misi/xildemo/sd_image/BOOT.bin -w on
19:52:29 INFO  : Bootgen command execution is done.
21:04:57 ERROR : Unexpected error while parsing XMD response ￿: com.google.gson.JsonSyntaxException: com.google.gson.stream.MalformedJsonException: invalid number or unquoted string near 
20:53:41 INFO  : Processing command line option -hwspec /home/misi/xildemo/project_1/project_1.sdk/design_1_wrapper.hdf.
20:53:43 INFO  : Launching XSDB server: xsdb -s /media/320/XILINX144/SDK/2014.4/scripts/xsdb/xsdb/xsdb-server.tcl 2450
20:53:43 INFO  : Checking for hwspec changes in the project design_1_wrapper_hw_platform_0.
20:53:46 INFO  : SDK has detected change in the last modified timestamps for source hardware specification file Source:1435420511000,  Project:1434476255000
20:53:46 INFO  : The hardware specification for project 'design_1_wrapper_hw_platform_0' is different from /home/misi/xildemo/project_1/project_1.sdk/design_1_wrapper.hdf.
20:53:46 INFO  : Copied contents of /home/misi/xildemo/project_1/project_1.sdk/design_1_wrapper.hdf into /design_1_wrapper_hw_platform_0/system.hdf.
20:53:48 INFO  : Restoring local repository preferences: 
		 /home/misi/xildemo/device-tree-xlnx
20:53:56 WARN  :  ps7_ethernet_0: No reset found
 ps7_i2c_0: No reset found
 ps7_usb_0: No reset found
20:53:56 INFO  : BSP Project P/device_tree_bsp_0 has been successfully migrated.
20:54:15 INFO  : Synchronizing projects in the workspace with the hardware platform specification changes.
20:54:29 INFO  : 
20:54:30 INFO  : 
20:54:32 INFO  : Updating hardware inferred compiler options for fsbl.
20:54:32 INFO  : Clearing existing target manager status.
11:32:17 INFO  : Processing command line option -hwspec /home/misi/xildemo/project_1/project_1.sdk/design_1_wrapper.hdf.
11:32:20 INFO  : Launching XSDB server: xsdb -s /media/320/XILINX144/SDK/2014.4/scripts/xsdb/xsdb/xsdb-server.tcl 2450
11:32:20 INFO  : Checking for hwspec changes in the project design_1_wrapper_hw_platform_0.
11:32:22 INFO  : Restoring local repository preferences: 
		 /home/misi/xildemo/device-tree-xlnx
11:32:34 WARN  :  ps7_ethernet_0: No reset found
 ps7_i2c_0: No reset found
 ps7_usb_0: No reset found
11:32:34 INFO  : BSP Project P/device_tree_bsp_0 has been successfully migrated.
12:00:56 INFO  : Invoking Bootgen: bootgen -image fsbl.bif -o /home/misi/xildemo/sd_image/BOOT.bin -w on
12:00:57 INFO  : Bootgen command execution is done.
21:23:18 INFO  : Processing command line option -hwspec /home/misi/xildemo/zynq_XIL-54179_Istvan_Oniga_20150630_1/src/traffic_analyser_Vivaldo_2014_4/traffic_analyser_Vivaldo_2014_4.sdk/design_1_wrapper.hdf.
21:23:20 INFO  : Launching XSDB server: xsdb -s /media/320/XILINX144/SDK/2014.4/scripts/xsdb/xsdb/xsdb-server.tcl 2450
21:23:21 INFO  : Restoring local repository preferences: 
		 /home/misi/xildemo/device-tree-xlnx
21:23:25 WARN  :  [Hsi 55-1559] Software Design already exists with Name /home/misi/xildemo/project_1/project_1.sdk/device_tree_bsp_0/system.mss
21:23:25 WARN  :  [Hsi 55-1559] Software Design already exists with Name /home/misi/xildemo/project_1/project_1.sdk/device_tree_bsp_0/system.mss
21:23:25 WARN  :  [Hsi 55-1559] Software Design already exists with Name /home/misi/xildemo/project_1/project_1.sdk/device_tree_bsp_0/system.mss
 [Hsi 55-1559] Software Design already exists with Name /home/misi/xildemo/project_1/project_1.sdk/device_tree_bsp_0/system.mss
21:23:31 WARN  :  [Hsi 55-1559] Software Design already exists with Name /home/misi/xildemo/project_1/project_1.sdk/device_tree_bsp_0/system.mss
 [Hsi 55-1559] Software Design already exists with Name /home/misi/xildemo/project_1/project_1.sdk/device_tree_bsp_0/system.mss
 [Hsi 55-1559] Software Design already exists with Name /home/misi/xildemo/project_1/project_1.sdk/device_tree_bsp_0/system.mss
 ps7_ethernet_0: No reset found
 ps7_i2c_0: No reset found
 ps7_usb_0: No reset found
21:23:31 INFO  : BSP Project P/device_tree_bsp_0 has been successfully migrated.
21:23:43 WARN  :  [Hsi 55-1559] Software Design already exists with Name /home/misi/xildemo/project_1/project_1.sdk/fsbl_bsp/system.mss
21:23:43 WARN  :  [Hsi 55-1559] Software Design already exists with Name /home/misi/xildemo/project_1/project_1.sdk/fsbl_bsp/system.mss
21:23:43 WARN  :  [Hsi 55-1559] Software Design already exists with Name /home/misi/xildemo/project_1/project_1.sdk/fsbl_bsp/system.mss
 [Hsi 55-1559] Software Design already exists with Name /home/misi/xildemo/project_1/project_1.sdk/fsbl_bsp/system.mss
21:23:52 WARN  :  [Hsi 55-1559] Software Design already exists with Name /home/misi/xildemo/project_1/project_1.sdk/fsbl_bsp/system.mss
21:23:52 WARN  :  [Hsi 55-1559] Software Design already exists with Name /home/misi/xildemo/project_1/project_1.sdk/fsbl_bsp/system.mss
21:23:52 WARN  :  [Hsi 55-1559] Software Design already exists with Name /home/misi/xildemo/project_1/project_1.sdk/fsbl_bsp/system.mss
21:23:52 WARN  :  [Hsi 55-1559] Software Design already exists with Name /home/misi/xildemo/project_1/project_1.sdk/fsbl_bsp/system.mss
 [Hsi 55-1559] Software Design already exists with Name /home/misi/xildemo/project_1/project_1.sdk/fsbl_bsp/system.mss
21:24:50 INFO  : Processing command line option -hwspec /home/misi/xildemo/zynq_XIL-54179_Istvan_Oniga_20150630_1/src/traffic_analyser_Vivaldo_2014_4/traffic_analyser_Vivaldo_2014_4.sdk/design_1_wrapper.hdf.
21:24:50 INFO  : Restoring local repository preferences: 
		 /home/misi/xildemo/device-tree-xlnx
21:24:52 INFO  : Launching XSDB server: xsdb -s /media/320/XILINX144/SDK/2014.4/scripts/xsdb/xsdb/xsdb-server.tcl 2450
21:24:53 INFO  : Checking for hwspec changes in the project design_1_wrapper_hw_platform_1.
21:24:53 WARN  :  [Hsi 55-1559] Software Design already exists with Name /home/misi/xildemo/project_1/project_1.sdk/device_tree_bsp_0/system.mss
21:24:53 WARN  :  [Hsi 55-1559] Software Design already exists with Name /home/misi/xildemo/project_1/project_1.sdk/device_tree_bsp_0/system.mss
21:24:53 WARN  :  [Hsi 55-1559] Software Design already exists with Name /home/misi/xildemo/project_1/project_1.sdk/device_tree_bsp_0/system.mss
 [Hsi 55-1559] Software Design already exists with Name /home/misi/xildemo/project_1/project_1.sdk/device_tree_bsp_0/system.mss
21:24:58 WARN  :  [Hsi 55-1559] Software Design already exists with Name /home/misi/xildemo/project_1/project_1.sdk/device_tree_bsp_0/system.mss
 [Hsi 55-1559] Software Design already exists with Name /home/misi/xildemo/project_1/project_1.sdk/device_tree_bsp_0/system.mss
 [Hsi 55-1559] Software Design already exists with Name /home/misi/xildemo/project_1/project_1.sdk/device_tree_bsp_0/system.mss
 ps7_ethernet_0: No reset found
 ps7_i2c_0: No reset found
 ps7_usb_0: No reset found
21:24:58 INFO  : BSP Project P/device_tree_bsp_0 has been successfully migrated.
21:25:11 WARN  :  [Hsi 55-1559] Software Design already exists with Name /home/misi/xildemo/project_1/project_1.sdk/fsbl_bsp/system.mss
21:25:11 WARN  :  [Hsi 55-1559] Software Design already exists with Name /home/misi/xildemo/project_1/project_1.sdk/fsbl_bsp/system.mss
21:25:11 WARN  :  [Hsi 55-1559] Software Design already exists with Name /home/misi/xildemo/project_1/project_1.sdk/fsbl_bsp/system.mss
 [Hsi 55-1559] Software Design already exists with Name /home/misi/xildemo/project_1/project_1.sdk/fsbl_bsp/system.mss
21:25:34 WARN  :  [Hsi 55-1559] Software Design already exists with Name /home/misi/xildemo/project_1/project_1.sdk/fsbl_bsp/system.mss
21:25:34 WARN  :  [Hsi 55-1559] Software Design already exists with Name /home/misi/xildemo/project_1/project_1.sdk/fsbl_bsp/system.mss
21:25:34 WARN  :  [Hsi 55-1559] Software Design already exists with Name /home/misi/xildemo/project_1/project_1.sdk/fsbl_bsp/system.mss
21:25:34 WARN  :  [Hsi 55-1559] Software Design already exists with Name /home/misi/xildemo/project_1/project_1.sdk/fsbl_bsp/system.mss
 [Hsi 55-1559] Software Design already exists with Name /home/misi/xildemo/project_1/project_1.sdk/fsbl_bsp/system.mss
21:25:39 WARN  :  [Hsi 55-1559] Software Design already exists with Name /home/misi/xildemo/project_1/project_1.sdk/fsbl_bsp/system.mss
21:25:39 WARN  :  [Hsi 55-1559] Software Design already exists with Name /home/misi/xildemo/project_1/project_1.sdk/fsbl_bsp/system.mss
21:25:39 WARN  :  [Hsi 55-1559] Software Design already exists with Name /home/misi/xildemo/project_1/project_1.sdk/fsbl_bsp/system.mss
21:25:39 WARN  :  [Hsi 55-1559] Software Design already exists with Name /home/misi/xildemo/project_1/project_1.sdk/fsbl_bsp/system.mss
 [Hsi 55-1559] Software Design already exists with Name /home/misi/xildemo/project_1/project_1.sdk/fsbl_bsp/system.mss
