Copyright 1986-2014 Xilinx, Inc. All Rights Reserved.
-------------------------------------------------------------------------------------------------------------------------------
| Tool Version     : Vivado v.2014.4 (lin64) Build 1071353 Tue Nov 18 16:47:07 MST 2014
| Date             : Sat Jun 27 17:53:05 2015
| Host             : debian-Miska running 64-bit Debian GNU/Linux 7.8 (wheezy)
| Command          : report_power -file design_1_wrapper_power_routed.rpt -pb design_1_wrapper_power_summary_routed.pb
| Design           : design_1_wrapper
| Device           : xc7z010clg400-1
| Design State     : Routed
| Grade            : commercial
| Process          : typical
| Characterization : Production
-------------------------------------------------------------------------------------------------------------------------------

Power Report

Table of Contents
-----------------
1. Summary
1.1 On-Chip Components
1.2 Power Supply Summary
1.3 Confidence Level
2. Settings
2.1 Environment
2.2 Clock Constraints
3. Detailed Reports
3.1 By Hierarchy

1. Summary
----------

+--------------------------+-------+
| Total On-Chip Power (W)  | 1.737 |
| Dynamic (W)              | 1.604 |
| Device Static (W)        | 0.133 |
| Effective TJA (C/W)      | 11.5  |
| Max Ambient (C)          | 65.0  |
| Junction Temperature (C) | 45.0  |
| Confidence Level         | Low   |
| Setting File             | ---   |
| Simulation Activity File | ---   |
| Design Nets Matched      | NA    |
+--------------------------+-------+


1.1 On-Chip Components
----------------------

+--------------------------+-----------+----------+-----------+-----------------+
| On-Chip                  | Power (W) | Used     | Available | Utilization (%) |
+--------------------------+-----------+----------+-----------+-----------------+
| Clocks                   |     0.020 |        4 |       --- |             --- |
| Slice Logic              |     0.006 |     7867 |       --- |             --- |
|   LUT as Logic           |     0.005 |     2632 |     17600 |           14.95 |
|   CARRY4                 |    <0.001 |       75 |      4400 |            1.70 |
|   Register               |    <0.001 |     3817 |     35200 |           10.84 |
|   BUFG                   |    <0.001 |        1 |        32 |            3.12 |
|   LUT as Distributed RAM |    <0.001 |       16 |      6000 |            0.26 |
|   F7/F8 Muxes            |    <0.001 |        3 |     17600 |            0.01 |
|   LUT as Shift Register  |    <0.001 |      219 |      6000 |            3.65 |
|   Others                 |     0.000 |      483 |       --- |             --- |
| Signals                  |     0.007 |     5605 |       --- |             --- |
| Block RAM                |     0.002 |        2 |        60 |            3.33 |
| I/O                      |     0.007 |       20 |       100 |           20.00 |
| PS7                      |     1.562 |        1 |       --- |             --- |
| Static Power             |     0.133 |          |           |                 |
| Total                    |     1.737 |          |           |                 |
+--------------------------+-----------+----------+-----------+-----------------+


1.2 Power Supply Summary
------------------------

+-----------+-------------+-----------+-------------+------------+
| Source    | Voltage (V) | Total (A) | Dynamic (A) | Static (A) |
+-----------+-------------+-----------+-------------+------------+
| Vccint    |       1.000 |     0.043 |       0.035 |      0.007 |
| Vccaux    |       1.800 |     0.012 |       0.000 |      0.012 |
| Vcco33    |       3.300 |     0.003 |       0.002 |      0.001 |
| Vcco25    |       2.500 |     0.000 |       0.000 |      0.000 |
| Vcco18    |       1.800 |     0.001 |       0.000 |      0.001 |
| Vcco15    |       1.500 |     0.001 |       0.000 |      0.001 |
| Vcco135   |       1.350 |     0.000 |       0.000 |      0.000 |
| Vcco12    |       1.200 |     0.000 |       0.000 |      0.000 |
| Vccaux_io |       1.800 |     0.000 |       0.000 |      0.000 |
| Vccbram   |       1.000 |     0.001 |       0.000 |      0.001 |
| MGTAVcc   |       1.000 |     0.000 |       0.000 |      0.000 |
| MGTAVtt   |       1.200 |     0.000 |       0.000 |      0.000 |
| MGTVccaux |       1.800 |     0.000 |       0.000 |      0.000 |
| Vccpint   |       1.000 |     0.740 |       0.709 |      0.031 |
| Vccpaux   |       1.800 |     0.085 |       0.074 |      0.010 |
| Vccpll    |       1.800 |     0.017 |       0.014 |      0.003 |
| Vcco_ddr  |       1.500 |     0.458 |       0.456 |      0.002 |
| Vcco_mio0 |       1.800 |     0.004 |       0.003 |      0.001 |
| Vcco_mio1 |       1.800 |     0.004 |       0.003 |      0.001 |
| Vccadc    |       1.800 |     0.020 |       0.000 |      0.020 |
+-----------+-------------+-----------+-------------+------------+


1.3 Confidence Level
--------------------

+-----------------------------+------------+--------------------------------------------------------+------------------------------------------------------------------------------------------------------------+
| User Input Data             | Confidence | Details                                                | Action                                                                                                     |
+-----------------------------+------------+--------------------------------------------------------+------------------------------------------------------------------------------------------------------------+
| Design implementation state | High       | Design is routed                                       |                                                                                                            |
| Clock nodes activity        | High       | User specified more than 95% of clocks                 |                                                                                                            |
| I/O nodes activity          | Low        | More than 75% of inputs are missing user specification | Provide missing input activity with simulation results or by editing the "By Resource Type -> I/Os" view   |
| Internal nodes activity     | Medium     | User specified less than 25% of internal nodes         | Provide missing internal nodes activity with simulation results or by editing the "By Resource Type" views |
| Device models               | High       | Device models are Production                           |                                                                                                            |
|                             |            |                                                        |                                                                                                            |
| Overall confidence level    | Low        |                                                        |                                                                                                            |
+-----------------------------+------------+--------------------------------------------------------+------------------------------------------------------------------------------------------------------------+


2. Settings
-----------

2.1 Environment
---------------

+-----------------------+------------------------+
| Ambient Temp (C)      | 25.0                   |
| ThetaJA (C/W)         | 11.5                   |
| Airflow (LFM)         | 250                    |
| Heat Sink             | none                   |
| ThetaSA (C/W)         | 0.0                    |
| Board Selection       | medium (10"x10")       |
| # of Board Layers     | 8to11 (8 to 11 Layers) |
| Board Temperature (C) | 25.0                   |
+-----------------------+------------------------+


2.2 Clock Constraints
---------------------

+------------+-------------------------------------------------------------+-----------------+
| Clock      | Domain                                                      | Constraint (ns) |
+------------+-------------------------------------------------------------+-----------------+
| clk_fpga_0 | design_1_i/processing_system7_0/inst/FCLK_CLK_unbuffered[0] |            10.0 |
| clk_fpga_1 | design_1_i/processing_system7_0/inst/FCLK_CLK_unbuffered[1] |             6.7 |
+------------+-------------------------------------------------------------+-----------------+


3. Detailed Reports
-------------------

3.1 By Hierarchy
----------------

+--------------------------------------------------------------------------------------------------------------------+-----------+
| Name                                                                                                               | Power (W) |
+--------------------------------------------------------------------------------------------------------------------+-----------+
| design_1_wrapper                                                                                                   |     1.604 |
|   design_1_i                                                                                                       |     1.597 |
|     axi_interconnect_0                                                                                             |     0.004 |
|       s00_couplers                                                                                                 |     0.004 |
|         auto_pc                                                                                                    |     0.002 |
|           inst                                                                                                     |     0.002 |
|             gen_axi4_axi3.axi3_conv_inst                                                                           |     0.002 |
|               USE_WRITE.USE_SPLIT_W.write_resp_inst                                                                |    <0.001 |
|               USE_WRITE.write_addr_inst                                                                            |     0.002 |
|                 USE_BURSTS.cmd_queue                                                                               |    <0.001 |
|                   inst                                                                                             |    <0.001 |
|                     fifo_gen_inst                                                                                  |    <0.001 |
|                       inst_fifo_gen                                                                                |    <0.001 |
|                         gconvfifo.rf                                                                               |    <0.001 |
|                           grf.rf                                                                                   |    <0.001 |
|                             gntv_or_sync_fifo.gl0.rd                                                               |    <0.001 |
|                               gr1.rfwft                                                                            |    <0.001 |
|                               grss.rsts                                                                            |    <0.001 |
|                               rpntr                                                                                |    <0.001 |
|                             gntv_or_sync_fifo.gl0.wr                                                               |    <0.001 |
|                               gwss.wsts                                                                            |    <0.001 |
|                               wpntr                                                                                |    <0.001 |
|                             gntv_or_sync_fifo.mem                                                                  |    <0.001 |
|                               gdm.dm                                                                               |    <0.001 |
|                                 RAM_reg_0_31_0_4                                                                   |    <0.001 |
|                             rstblk                                                                                 |    <0.001 |
|                 USE_B_CHANNEL.cmd_b_queue                                                                          |    <0.001 |
|                   inst                                                                                             |    <0.001 |
|                     fifo_gen_inst                                                                                  |    <0.001 |
|                       inst_fifo_gen                                                                                |    <0.001 |
|                         gconvfifo.rf                                                                               |    <0.001 |
|                           grf.rf                                                                                   |    <0.001 |
|                             gntv_or_sync_fifo.gl0.rd                                                               |    <0.001 |
|                               gr1.rfwft                                                                            |    <0.001 |
|                               grss.rsts                                                                            |    <0.001 |
|                               rpntr                                                                                |    <0.001 |
|                             gntv_or_sync_fifo.gl0.wr                                                               |    <0.001 |
|                               gwss.wsts                                                                            |    <0.001 |
|                               wpntr                                                                                |    <0.001 |
|                             gntv_or_sync_fifo.mem                                                                  |    <0.001 |
|                               gdm.dm                                                                               |    <0.001 |
|                                 RAM_reg_0_31_0_4                                                                   |    <0.001 |
|                             rstblk                                                                                 |    <0.001 |
|               USE_WRITE.write_data_inst                                                                            |    <0.001 |
|         auto_us                                                                                                    |     0.002 |
|           inst                                                                                                     |     0.002 |
|             gen_upsizer.gen_full_upsizer.axi_upsizer_inst                                                          |     0.002 |
|               USE_WRITE.gen_non_fifo_w_upsizer.write_data_inst                                                     |    <0.001 |
|               USE_WRITE.write_addr_inst                                                                            |    <0.001 |
|                 GEN_CMD_QUEUE.cmd_queue                                                                            |    <0.001 |
|               si_register_slice_inst                                                                               |    <0.001 |
|                 aw_pipe                                                                                            |    <0.001 |
|     axi_uartlite_0                                                                                                 |     0.001 |
|       U0                                                                                                           |     0.001 |
|         AXI_LITE_IPIF_I                                                                                            |    <0.001 |
|           I_SLAVE_ATTACHMENT                                                                                       |    <0.001 |
|             I_DECODER                                                                                              |    <0.001 |
|         UARTLITE_CORE_I                                                                                            |    <0.001 |
|           BAUD_RATE_I                                                                                              |    <0.001 |
|           UARTLITE_RX_I                                                                                            |    <0.001 |
|             DELAY_16_I                                                                                             |    <0.001 |
|             INPUT_DOUBLE_REGS3                                                                                     |    <0.001 |
|             SRL_FIFO_I                                                                                             |    <0.001 |
|               I_SRL_FIFO_RBU_F                                                                                     |    <0.001 |
|                 CNTR_INCR_DECR_ADDN_F_I                                                                            |    <0.001 |
|                 DYNSHREG_F_I                                                                                       |    <0.001 |
|           UARTLITE_TX_I                                                                                            |    <0.001 |
|             MID_START_BIT_SRL16_I                                                                                  |    <0.001 |
|             SRL_FIFO_I                                                                                             |    <0.001 |
|               I_SRL_FIFO_RBU_F                                                                                     |    <0.001 |
|                 CNTR_INCR_DECR_ADDN_F_I                                                                            |    <0.001 |
|                 DYNSHREG_F_I                                                                                       |    <0.001 |
|     axi_uartlite_1                                                                                                 |     0.001 |
|       U0                                                                                                           |     0.001 |
|         AXI_LITE_IPIF_I                                                                                            |    <0.001 |
|           I_SLAVE_ATTACHMENT                                                                                       |    <0.001 |
|             I_DECODER                                                                                              |    <0.001 |
|         UARTLITE_CORE_I                                                                                            |    <0.001 |
|           BAUD_RATE_I                                                                                              |    <0.001 |
|           UARTLITE_RX_I                                                                                            |    <0.001 |
|             DELAY_16_I                                                                                             |    <0.001 |
|             INPUT_DOUBLE_REGS3                                                                                     |    <0.001 |
|             SRL_FIFO_I                                                                                             |    <0.001 |
|               I_SRL_FIFO_RBU_F                                                                                     |    <0.001 |
|                 CNTR_INCR_DECR_ADDN_F_I                                                                            |    <0.001 |
|                 DYNSHREG_F_I                                                                                       |    <0.001 |
|           UARTLITE_TX_I                                                                                            |    <0.001 |
|             MID_START_BIT_SRL16_I                                                                                  |    <0.001 |
|             SRL_FIFO_I                                                                                             |    <0.001 |
|               I_SRL_FIFO_RBU_F                                                                                     |    <0.001 |
|                 CNTR_INCR_DECR_ADDN_F_I                                                                            |    <0.001 |
|                 DYNSHREG_F_I                                                                                       |    <0.001 |
|     axi_vdma_0                                                                                                     |     0.020 |
|       U0                                                                                                           |     0.020 |
|         AXI_LITE_REG_INTERFACE_I                                                                                   |     0.003 |
|           GEN_AXI_LITE_IF.AXI_LITE_IF_I                                                                            |     0.003 |
|             GEN_LITE_IS_ASYNC.GEN_S2MM_ONLY_ASYNC_LITE_ACCESS.LITE_WVALID_S2MM_CDC_I                               |    <0.001 |
|         GEN_SPRT_FOR_S2MM.GEN_AXIS_S2MM_DWIDTH_CONV.AXIS_S2MM_DWIDTH_CONVERTER_I                                   |     0.002 |
|           GEN_DWIDTH_FLUSH_SOF.S2MM_AXIS_DWIDTH_CONVERTER_I                                                        |     0.002 |
|             gen_downsizer_conversion.axisc_downsizer_0                                                             |    <0.001 |
|             gen_upsizer_conversion.axisc_upsizer_0                                                                 |    <0.001 |
|         GEN_SPRT_FOR_S2MM.GEN_FLUSH_SOF_TREADY.GEN_FOR_ASYNC_FLUSH_SOF.S2MM_HALTED_CDC_I                           |    <0.001 |
|         GEN_SPRT_FOR_S2MM.GEN_FLUSH_SOF_TREADY.GEN_FOR_ASYNC_FLUSH_SOF.S2MM_PRM_UPDT_CDC_I                         |    <0.001 |
|         GEN_SPRT_FOR_S2MM.GEN_FLUSH_SOF_TREADY.GEN_FOR_ASYNC_FLUSH_SOF.SOF_LATE_CDC_I                              |    <0.001 |
|         GEN_SPRT_FOR_S2MM.GEN_S2MM_DRE_ON_SKID.I_S2MM_SKID_FLUSH_SOF                                               |    <0.001 |
|         GEN_SPRT_FOR_S2MM.I_S2MM_DMA_MNGR                                                                          |     0.002 |
|           I_CMDSTS                                                                                                 |    <0.001 |
|           I_SM                                                                                                     |    <0.001 |
|             GEN_FSIZE_MISMATCH.GEN_S2MM_MISMATCH_FLUSH_SOF.GEN_FOR_ASYNC.FSIZE_MISMATCH_CDC_I_FLUSH_SOF            |    <0.001 |
|           I_STS_MNGR                                                                                               |    <0.001 |
|           VIDEO_GENLOCK_I                                                                                          |    <0.001 |
|             DYNAMIC_GENLOCK_FOR_MASTER.GENLOCK_MUX_I                                                               |     0.000 |
|           VIDEO_REG_I                                                                                              |    <0.001 |
|             GEN_REGISTER_DIRECT.GEN_REGDIRECT_DRES.VIDREGISTER_I                                                   |    <0.001 |
|         GEN_SPRT_FOR_S2MM.S2MM_FSYNC_I                                                                             |    <0.001 |
|         GEN_SPRT_FOR_S2MM.S2MM_LINEBUFFER_I                                                                        |     0.001 |
|           GEN_S2MM_FLUSH_SOF_LOGIC.GEN_FOR_ASYNC_FLUSH_SOF.FSYNC_OUT_CDC_I_FLUSH_SOF                               |    <0.001 |
|           GEN_S2MM_FLUSH_SOF_LOGIC.GEN_FOR_ASYNC_FLUSH_SOF.MMAP_NOT_FINISHED_CDC_I_FLUSH_SOF                       |    <0.001 |
|           GEN_S2MM_FLUSH_SOF_LOGIC.GEN_FOR_ASYNC_FLUSH_SOF.RUNSTOP_AXIS_0_CDC_I_FLUSH_SOF                          |    <0.001 |
|           GEN_S2MM_FLUSH_SOF_LOGIC.GEN_FOR_ASYNC_FLUSH_SOF.STRM_WR_HALT_CDC_I                                      |    <0.001 |
|           GEN_S2MM_FLUSH_SOF_LOGIC.GEN_LINEBUFFER_FLUSH_SOF.GEN_ASYNC_FIFO_FLUSH_SOF.LB_BUILT_IN.I_LINEBUFFER_FIFO |    <0.001 |
|             fg_builtin_fifo_inst                                                                                   |    <0.001 |
|               inst_fifo_gen                                                                                        |    <0.001 |
|                 gconvfifo.rf                                                                                       |    <0.001 |
|                   gbi.bi                                                                                           |    <0.001 |
|                     g7ser_birst.rstbt                                                                              |    <0.001 |
|                     v7_bi_fifo.fblk                                                                                |    <0.001 |
|                       gextw[1].gnll_fifo.inst_extd                                                                 |    <0.001 |
|                         gonep.inst_prim                                                                            |    <0.001 |
|         GEN_SPRT_FOR_S2MM.S2MM_REGISTER_MODULE_I                                                                   |     0.001 |
|           GEN_REG_DIRECT_MODE.REGDIRECT_I                                                                          |    <0.001 |
|           I_DMA_REGISTER                                                                                           |    <0.001 |
|           LITE_READ_MUX_I                                                                                          |     0.000 |
|         GEN_SPRT_FOR_S2MM.S2MM_SOF_I                                                                               |    <0.001 |
|         GEN_SPRT_FOR_S2MM.S2MM_VID_CDC_I                                                                           |    <0.001 |
|           GEN_CDC_FOR_ASYNC.FSYNC_IN_CDC_I                                                                         |    <0.001 |
|           GEN_CDC_FOR_ASYNC.FSYNC_OUT_CDC_I                                                                        |    <0.001 |
|           GEN_CDC_FOR_ASYNC.SOF_CDC_I                                                                              |    <0.001 |
|         I_AXI_DMA_INTRPT                                                                                           |    <0.001 |
|         I_PRMRY_DATAMOVER                                                                                          |     0.009 |
|           GEN_S2MM_FULL.I_S2MM_FULL_WRAPPER                                                                        |     0.009 |
|             GEN_ENABLE_INDET_BTT_SF.I_INDET_BTT                                                                    |     0.002 |
|               ENABLE_AXIS_SKID.I_INDET_BTT_SKID_BUF                                                                |    <0.001 |
|               I_DATA_FIFO                                                                                          |     0.001 |
|                 BLK_MEM.I_SYNC_FIFOGEN_FIFO                                                                        |     0.001 |
|                   FAMILY_SUPPORTED.I_SYNC_FIFO_BRAM                                                                |     0.001 |
|                     inst_fifo_gen                                                                                  |     0.001 |
|                       gconvfifo.rf                                                                                 |     0.001 |
|                         grf.rf                                                                                     |     0.001 |
|                           gntv_or_sync_fifo.gl0.rd                                                                 |    <0.001 |
|                             gr1.rfwft                                                                              |    <0.001 |
|                             grss.rsts                                                                              |    <0.001 |
|                             rpntr                                                                                  |    <0.001 |
|                           gntv_or_sync_fifo.gl0.wr                                                                 |    <0.001 |
|                             gwss.wsts                                                                              |    <0.001 |
|                             wpntr                                                                                  |    <0.001 |
|                           gntv_or_sync_fifo.mem                                                                    |     0.001 |
|                             gbm.gbmg.gbmgb.ngecc.bmg                                                               |     0.001 |
|                               inst_blk_mem_gen                                                                     |     0.001 |
|                                 gnativebmg.native_blk_mem_gen                                                      |     0.001 |
|                                   valid.cstr                                                                       |     0.001 |
|                                     ramloop[0].ram.r                                                               |     0.001 |
|                                       prim_noinit.ram                                                              |     0.001 |
|               I_XD_FIFO                                                                                            |    <0.001 |
|                 NON_BLK_MEM.I_SYNC_FIFOGEN_FIFO                                                                    |    <0.001 |
|                   FAMILY_SUPPORTED.I_SYNC_FIFO_BRAM                                                                |    <0.001 |
|                     inst_fifo_gen                                                                                  |    <0.001 |
|                       gconvfifo.rf                                                                                 |    <0.001 |
|                         grf.rf                                                                                     |    <0.001 |
|                           gntv_or_sync_fifo.gl0.rd                                                                 |    <0.001 |
|                             grhf.rhf                                                                               |    <0.001 |
|                             grss.gdc.dc                                                                            |    <0.001 |
|                               gsym_dc.dc                                                                           |    <0.001 |
|                             grss.rsts                                                                              |    <0.001 |
|                             rpntr                                                                                  |    <0.001 |
|                           gntv_or_sync_fifo.gl0.wr                                                                 |    <0.001 |
|                             gwss.wsts                                                                              |    <0.001 |
|                             wpntr                                                                                  |    <0.001 |
|                           gntv_or_sync_fifo.mem                                                                    |    <0.001 |
|                             gdm.dm                                                                                 |    <0.001 |
|                               RAM_reg_0_15_0_5                                                                     |    <0.001 |
|                               RAM_reg_0_15_6_7                                                                     |    <0.001 |
|             GEN_INCLUDE_IBTTCC.I_S2MM_MSTR_IBTTCC                                                                  |     0.002 |
|             GEN_INCLUDE_REALIGNER.I_S2MM_REALIGNER                                                                 |     0.002 |
|               GEN_INCLUDE_SCATTER.I_S2MM_SCATTER                                                                   |     0.002 |
|                 I_MSSAI_SKID_BUF                                                                                   |    <0.001 |
|                 I_TSTRB_FIFO                                                                                       |    <0.001 |
|                   USE_SRL_FIFO.I_SYNC_FIFO                                                                         |    <0.001 |
|                     I_SRL_FIFO_RBU_F                                                                               |    <0.001 |
|                       CNTR_INCR_DECR_ADDN_F_I                                                                      |    <0.001 |
|                       DYNSHREG_F_I                                                                                 |    <0.001 |
|                 SLICE_INSERTION                                                                                    |    <0.001 |
|               I_DRE_CNTL_FIFO                                                                                      |    <0.001 |
|                 USE_SRL_FIFO.I_SYNC_FIFO                                                                           |    <0.001 |
|                   I_SRL_FIFO_RBU_F                                                                                 |    <0.001 |
|                     CNTR_INCR_DECR_ADDN_F_I                                                                        |    <0.001 |
|                     DYNSHREG_F_I                                                                                   |    <0.001 |
|             I_ADDR_CNTL                                                                                            |    <0.001 |
|               GEN_ADDR_FIFO.I_ADDR_QUAL_FIFO                                                                       |    <0.001 |
|                 USE_SRL_FIFO.I_SYNC_FIFO                                                                           |    <0.001 |
|                   I_SRL_FIFO_RBU_F                                                                                 |    <0.001 |
|                     CNTR_INCR_DECR_ADDN_F_I                                                                        |    <0.001 |
|                     DYNSHREG_F_I                                                                                   |    <0.001 |
|             I_CMD_STATUS                                                                                           |    <0.001 |
|               GEN_INCLUDE_STATUS_FIFO.I_STS_FIFO                                                                   |    <0.001 |
|                 USE_SRL_FIFO.I_SYNC_FIFO                                                                           |    <0.001 |
|                   I_SRL_FIFO_RBU_F                                                                                 |    <0.001 |
|                     CNTR_INCR_DECR_ADDN_F_I                                                                        |    <0.001 |
|                     DYNSHREG_F_I                                                                                   |    <0.001 |
|               I_CMD_FIFO                                                                                           |    <0.001 |
|                 USE_SRL_FIFO.I_SYNC_FIFO                                                                           |    <0.001 |
|                   I_SRL_FIFO_RBU_F                                                                                 |    <0.001 |
|                     CNTR_INCR_DECR_ADDN_F_I                                                                        |    <0.001 |
|                     DYNSHREG_F_I                                                                                   |    <0.001 |
|             I_RESET                                                                                                |    <0.001 |
|             I_S2MM_MMAP_SKID_BUF                                                                                   |    <0.001 |
|             I_WR_DATA_CNTL                                                                                         |    <0.001 |
|               GEN_DATA_CNTL_FIFO.I_DATA_CNTL_FIFO                                                                  |    <0.001 |
|                 USE_SRL_FIFO.I_SYNC_FIFO                                                                           |    <0.001 |
|                   I_SRL_FIFO_RBU_F                                                                                 |    <0.001 |
|                     CNTR_INCR_DECR_ADDN_F_I                                                                        |    <0.001 |
|                     DYNSHREG_F_I                                                                                   |    <0.001 |
|             I_WR_STATUS_CNTLR                                                                                      |    <0.001 |
|               GEN_ENABLE_INDET_BTT.I_SF_DATA_CNTL_STATUS_FIFO                                                      |    <0.001 |
|                 USE_SRL_FIFO.I_SYNC_FIFO                                                                           |    <0.001 |
|                   I_SRL_FIFO_RBU_F                                                                                 |    <0.001 |
|                     CNTR_INCR_DECR_ADDN_F_I                                                                        |    <0.001 |
|                     DYNSHREG_F_I                                                                                   |    <0.001 |
|               I_WRESP_STATUS_FIFO                                                                                  |    <0.001 |
|                 USE_SRL_FIFO.I_SYNC_FIFO                                                                           |    <0.001 |
|                   I_SRL_FIFO_RBU_F                                                                                 |    <0.001 |
|                     CNTR_INCR_DECR_ADDN_F_I                                                                        |    <0.001 |
|                     DYNSHREG_F_I                                                                                   |    <0.001 |
|         I_RST_MODULE                                                                                               |    <0.001 |
|           GEN_RESET_FOR_S2MM.RESET_I                                                                               |    <0.001 |
|             GEN_MIN_FOR_ASYNC.AXIS_CLR_CDC_I                                                                       |    <0.001 |
|             GEN_MIN_FOR_ASYNC.AXIS_IDLE_CDC_I                                                                      |    <0.001 |
|             GEN_MIN_FOR_ASYNC.AXIS_MIN_CDC_I                                                                       |    <0.001 |
|             GEN_MIN_FOR_ASYNC.AXIS_RESET_CDC_I                                                                     |    <0.001 |
|             GEN_MIN_FOR_ASYNC.LITE_CLR_CDC_I                                                                       |    <0.001 |
|             GEN_MIN_FOR_ASYNC.LITE_IDLE_CDC_I                                                                      |    <0.001 |
|             GEN_MIN_FOR_ASYNC.LITE_MIN_CDC_I                                                                       |    <0.001 |
|             GEN_MIN_FOR_ASYNC.LITE_RESET_CDC_I                                                                     |    <0.001 |
|             GEN_RESET_FOR_ASYNC.AXIS_RESET_CDC_I                                                                   |    <0.001 |
|             GEN_RESET_FOR_ASYNC.HARD_RESET_CDC_I                                                                   |    <0.001 |
|     ov7670_top_0                                                                                                   |     0.001 |
|       inst                                                                                                         |     0.001 |
|         controller                                                                                                 |    <0.001 |
|           Inst_i2c_sender                                                                                          |    <0.001 |
|           Inst_ov7670_registers                                                                                    |    <0.001 |
|         ov7670_axi                                                                                                 |    <0.001 |
|     proc_sys_reset_0                                                                                               |    <0.001 |
|       U0                                                                                                           |    <0.001 |
|         EXT_LPF                                                                                                    |    <0.001 |
|           ACTIVE_LOW_EXT.ACT_LO_EXT                                                                                |    <0.001 |
|         SEQ                                                                                                        |    <0.001 |
|           SEQ_COUNTER                                                                                              |    <0.001 |
|     processing_system7_0                                                                                           |     1.562 |
|       inst                                                                                                         |     1.562 |
|     processing_system7_0_axi_periph                                                                                |     0.007 |
|       s00_couplers                                                                                                 |     0.006 |
|         auto_pc                                                                                                    |     0.006 |
|           inst                                                                                                     |     0.006 |
|             gen_axilite.gen_b2s_conv.axilite_b2s                                                                   |     0.006 |
|               RD.ar_channel_0                                                                                      |    <0.001 |
|                 ar_cmd_fsm_0                                                                                       |    <0.001 |
|                 cmd_translator_0                                                                                   |    <0.001 |
|                   incr_cmd_0                                                                                       |    <0.001 |
|                   wrap_cmd_0                                                                                       |    <0.001 |
|               RD.r_channel_0                                                                                       |     0.002 |
|                 rd_data_fifo_0                                                                                     |     0.002 |
|                 transaction_fifo_0                                                                                 |    <0.001 |
|               SI_REG                                                                                               |     0.002 |
|                 ar_pipe                                                                                            |    <0.001 |
|                 aw_pipe                                                                                            |    <0.001 |
|                 b_pipe                                                                                             |    <0.001 |
|                 r_pipe                                                                                             |    <0.001 |
|               WR.aw_channel_0                                                                                      |    <0.001 |
|                 aw_cmd_fsm_0                                                                                       |    <0.001 |
|                 cmd_translator_0                                                                                   |    <0.001 |
|                   incr_cmd_0                                                                                       |    <0.001 |
|                   wrap_cmd_0                                                                                       |    <0.001 |
|               WR.b_channel_0                                                                                       |    <0.001 |
|                 bid_fifo_0                                                                                         |    <0.001 |
|                 bresp_fifo_0                                                                                       |    <0.001 |
|       xbar                                                                                                         |     0.001 |
|         inst                                                                                                       |     0.001 |
|           gen_sasd.crossbar_sasd_0                                                                                 |     0.001 |
|             addr_arbiter_inst                                                                                      |    <0.001 |
|             gen_decerr.decerr_slave_inst                                                                           |    <0.001 |
|             reg_slice_r                                                                                            |    <0.001 |
|             splitter_ar                                                                                            |    <0.001 |
|             splitter_aw                                                                                            |    <0.001 |
|     rst_processing_system7_0_100M                                                                                  |    <0.001 |
|       U0                                                                                                           |    <0.001 |
|         EXT_LPF                                                                                                    |    <0.001 |
|           ACTIVE_LOW_EXT.ACT_LO_EXT                                                                                |    <0.001 |
|         SEQ                                                                                                        |    <0.001 |
|           SEQ_COUNTER                                                                                              |    <0.001 |
|     xlconcat_0                                                                                                     |     0.000 |
+--------------------------------------------------------------------------------------------------------------------+-----------+


