#-----------------------------------------------------------
# Webtalk v2014.4 (64-bit)
# SW Build 1071353 on Tue Nov 18 16:44:35 MST 2014
# 
# Start of session at: Sun Jun 28 21:24:09 2015
# Process ID: 8056
# Log file: /home/misi/xildemo/zynq_XIL-54179_Istvan_Oniga_20150630_1/src/traffic_analyser_Vivaldo_2014_4/traffic_analyser_Vivaldo_2014_4.sdk/webtalk/webtalk.log
# Journal file: /home/misi/xildemo/zynq_XIL-54179_Istvan_Oniga_20150630_1/src/traffic_analyser_Vivaldo_2014_4/traffic_analyser_Vivaldo_2014_4.sdk/webtalk/webtalk.jou
#-----------------------------------------------------------
WARNING: [Common 17-204] Your XILINX environment variable is undefined. You will not be able to run Synthesis and Implementation using ISE based strategies, or import ngc netlists. Please set up your XILINX environment to get full functionality.
source sdk_webtalk.tcl
# webtalk_init -webtalk_dir /home/misi/xildemo/zynq_XIL-54179_Istvan_Oniga_20150630_1/src/traffic_analyser_Vivaldo_2014_4/traffic_analyser_Vivaldo_2014_4.sdk/webtalk
# webtalk_register_client -client project
# webtalk_add_data -client project -key date_generated -value "Sun Jun 28 21:24:08 2015" -context "software_version_and_target_device"
# webtalk_add_data -client project -key product_version -value "SDK v2014.4" -context "software_version_and_target_device"
# webtalk_add_data -client project -key build_version -value "2014.4" -context "software_version_and_target_device"
# webtalk_add_data -client project -key os_platform -value "amd64" -context "software_version_and_target_device"
# webtalk_add_data -client project -key registration_id -value "" -context "software_version_and_target_device"
# webtalk_add_data -client project -key tool_flow -value "SDK" -context "software_version_and_target_device"
# webtalk_add_data -client project -key beta -value "false" -context "software_version_and_target_device"
# webtalk_add_data -client project -key route_design -value "NA" -context "software_version_and_target_device"
# webtalk_add_data -client project -key target_family -value "NA" -context "software_version_and_target_device"
# webtalk_add_data -client project -key target_device -value "NA" -context "software_version_and_target_device"
# webtalk_add_data -client project -key target_package -value "NA" -context "software_version_and_target_device"
# webtalk_add_data -client project -key target_speed -value "NA" -context "software_version_and_target_device"
# webtalk_add_data -client project -key random_id -value "jk98d5fgh4716vg8b9hh5rgiv6" -context "software_version_and_target_device"
# webtalk_add_data -client project -key project_id -value "2014.4_12" -context "software_version_and_target_device"
# webtalk_add_data -client project -key project_iteration -value "12" -context "software_version_and_target_device"
# webtalk_add_data -client project -key os_name -value "" -context "user_environment"
# webtalk_add_data -client project -key os_release -value "" -context "user_environment"
# webtalk_add_data -client project -key cpu_name -value "" -context "user_environment"
# webtalk_add_data -client project -key cpu_speed -value "" -context "user_environment"
# webtalk_add_data -client project -key total_processors -value "" -context "user_environment"
# webtalk_add_data -client project -key system_ram -value "" -context "user_environment"
# webtalk_register_client -client sdk
# webtalk_add_data -client sdk -key uid -value "1435519400000" -context "sdk\\\\hardware/1435519400000"
# webtalk_add_data -client sdk -key isZynq -value "true" -context "sdk\\\\hardware/1435519400000"
# webtalk_add_data -client sdk -key Processors -value "2" -context "sdk\\\\hardware/1435519400000"
# webtalk_add_data -client sdk -key VivadoVersion -value "2014.4" -context "sdk\\\\hardware/1435519400000"
# webtalk_add_data -client sdk -key Arch -value "zynq" -context "sdk\\\\hardware/1435519400000"
# webtalk_add_data -client sdk -key Device -value "7z010" -context "sdk\\\\hardware/1435519400000"
# webtalk_add_data -client sdk -key IsHandoff -value "true" -context "sdk\\\\hardware/1435519400000"
# webtalk_transmit -clientid 2529550292 -regid "" -xml /home/misi/xildemo/zynq_XIL-54179_Istvan_Oniga_20150630_1/src/traffic_analyser_Vivaldo_2014_4/traffic_analyser_Vivaldo_2014_4.sdk/webtalk/usage_statistics_ext_sdk.xml -html /home/misi/xildemo/zynq_XIL-54179_Istvan_Oniga_20150630_1/src/traffic_analyser_Vivaldo_2014_4/traffic_analyser_Vivaldo_2014_4.sdk/webtalk/usage_statistics_ext_sdk.html -wdm /home/misi/xildemo/zynq_XIL-54179_Istvan_Oniga_20150630_1/src/traffic_analyser_Vivaldo_2014_4/traffic_analyser_Vivaldo_2014_4.sdk/webtalk/sdk_webtalk.wdm -intro "<H3>SDK Usage Report</H3><BR>"
INFO: [Common 17-186] '/home/misi/xildemo/zynq_XIL-54179_Istvan_Oniga_20150630_1/src/traffic_analyser_Vivaldo_2014_4/traffic_analyser_Vivaldo_2014_4.sdk/webtalk/usage_statistics_ext_sdk.xml' has been successfully sent to Xilinx on Sun Jun 28 21:24:12 2015. For additional details about this file, please refer to the WebTalk help file at /doc/webtalk_introduction.html.
# webtalk_terminate
INFO: [Common 17-206] Exiting Webtalk at Sun Jun 28 21:24:12 2015...
